<?xml version="1.0" encoding="UTF-8"?>
<testng-results ignored="0" total="7" passed="7" failed="0" skipped="0">
  <reporter-output>
  </reporter-output>
  <suite started-at="2023-10-31T16:37:41 GMT-06:00" name="Default suite" finished-at="2023-10-31T16:37:42 GMT-06:00" duration-ms="821">
    <groups>
      <group name="cucumber">
        <method signature="AbstractTestNGCucumberTests.runScenario(io.cucumber.testng.PickleWrapper,io.cucumber.testng.FeatureWrapper)[pri:0, instance:cucumberOptions.TestNGRunner@5d534f5d]" name="runScenario" class="io.cucumber.testng.AbstractTestNGCucumberTests"/>
      </group> <!-- cucumber -->
    </groups>
    <test started-at="2023-10-31T16:37:41 GMT-06:00" name="Default test" finished-at="2023-10-31T16:37:42 GMT-06:00" duration-ms="821">
      <class name="cucumberOptions.TestNGRunner">
        <test-method is-config="true" signature="setUpClass(org.testng.ITestContext)[pri:0, instance:cucumberOptions.TestNGRunner@5d534f5d]" started-at="2023-10-31T16:37:41 GMT-06:00" name="setUpClass" finished-at="2023-10-31T16:37:42 GMT-06:00" duration-ms="548" status="PASS">
          <params>
            <param index="0">
              <value>
                <![CDATA[org.testng.TestRunner@29d37757]]>
              </value>
            </param>
          </params>
          <reporter-output>
          </reporter-output>
        </test-method> <!-- setUpClass -->
        <test-method signature="runScenario(io.cucumber.testng.PickleWrapper,io.cucumber.testng.FeatureWrapper)[pri:0, instance:cucumberOptions.TestNGRunner@5d534f5d]" started-at="2023-10-31T16:37:42 GMT-06:00" name="runScenario" description="Runs Cucumber Scenarios" data-provider="scenarios" finished-at="2023-10-31T16:37:42 GMT-06:00" duration-ms="94" status="PASS">
          <params>
            <param index="0">
              <value>
                <![CDATA["Admin page default login"]]>
              </value>
            </param>
            <param index="1">
              <value>
                <![CDATA["Application login"]]>
              </value>
            </param>
          </params>
          <reporter-output>
          </reporter-output>
        </test-method> <!-- runScenario -->
        <test-method signature="runScenario(io.cucumber.testng.PickleWrapper,io.cucumber.testng.FeatureWrapper)[pri:0, instance:cucumberOptions.TestNGRunner@5d534f5d]" started-at="2023-10-31T16:37:42 GMT-06:00" name="runScenario" description="Runs Cucumber Scenarios" data-provider="scenarios" finished-at="2023-10-31T16:37:42 GMT-06:00" duration-ms="12" status="PASS">
          <params>
            <param index="0">
              <value>
                <![CDATA["Mortagage User page default login"]]>
              </value>
            </param>
            <param index="1">
              <value>
                <![CDATA["Application login"]]>
              </value>
            </param>
          </params>
          <reporter-output>
          </reporter-output>
        </test-method> <!-- runScenario -->
        <test-method signature="runScenario(io.cucumber.testng.PickleWrapper,io.cucumber.testng.FeatureWrapper)[pri:0, instance:cucumberOptions.TestNGRunner@5d534f5d]" started-at="2023-10-31T16:37:42 GMT-06:00" name="runScenario" description="Runs Cucumber Scenarios" data-provider="scenarios" finished-at="2023-10-31T16:37:42 GMT-06:00" duration-ms="14" status="PASS">
          <params>
            <param index="0">
              <value>
                <![CDATA["Mortagage User page default login"]]>
              </value>
            </param>
            <param index="1">
              <value>
                <![CDATA["Application login"]]>
              </value>
            </param>
          </params>
          <reporter-output>
          </reporter-output>
        </test-method> <!-- runScenario -->
        <test-method signature="runScenario(io.cucumber.testng.PickleWrapper,io.cucumber.testng.FeatureWrapper)[pri:0, instance:cucumberOptions.TestNGRunner@5d534f5d]" started-at="2023-10-31T16:37:42 GMT-06:00" name="runScenario" description="Runs Cucumber Scenarios" data-provider="scenarios" finished-at="2023-10-31T16:37:42 GMT-06:00" duration-ms="21" status="PASS">
          <params>
            <param index="0">
              <value>
                <![CDATA["User page default Sign up"]]>
              </value>
            </param>
            <param index="1">
              <value>
                <![CDATA["Application login"]]>
              </value>
            </param>
          </params>
          <reporter-output>
          </reporter-output>
        </test-method> <!-- runScenario -->
        <test-method signature="runScenario(io.cucumber.testng.PickleWrapper,io.cucumber.testng.FeatureWrapper)[pri:0, instance:cucumberOptions.TestNGRunner@5d534f5d]" started-at="2023-10-31T16:37:42 GMT-06:00" name="runScenario" description="Runs Cucumber Scenarios" data-provider="scenarios" finished-at="2023-10-31T16:37:42 GMT-06:00" duration-ms="6" status="PASS">
          <params>
            <param index="0">
              <value>
                <![CDATA["User page default login"]]>
              </value>
            </param>
            <param index="1">
              <value>
                <![CDATA["Application login"]]>
              </value>
            </param>
          </params>
          <reporter-output>
          </reporter-output>
        </test-method> <!-- runScenario -->
        <test-method signature="runScenario(io.cucumber.testng.PickleWrapper,io.cucumber.testng.FeatureWrapper)[pri:0, instance:cucumberOptions.TestNGRunner@5d534f5d]" started-at="2023-10-31T16:37:42 GMT-06:00" name="runScenario" description="Runs Cucumber Scenarios" data-provider="scenarios" finished-at="2023-10-31T16:37:42 GMT-06:00" duration-ms="7" status="PASS">
          <params>
            <param index="0">
              <value>
                <![CDATA["Mortagage User page default login"]]>
              </value>
            </param>
            <param index="1">
              <value>
                <![CDATA["Application login"]]>
              </value>
            </param>
          </params>
          <reporter-output>
          </reporter-output>
        </test-method> <!-- runScenario -->
        <test-method signature="runScenario(io.cucumber.testng.PickleWrapper,io.cucumber.testng.FeatureWrapper)[pri:0, instance:cucumberOptions.TestNGRunner@5d534f5d]" started-at="2023-10-31T16:37:42 GMT-06:00" name="runScenario" description="Runs Cucumber Scenarios" data-provider="scenarios" finished-at="2023-10-31T16:37:42 GMT-06:00" duration-ms="7" status="PASS">
          <params>
            <param index="0">
              <value>
                <![CDATA["Mortagage User page default login"]]>
              </value>
            </param>
            <param index="1">
              <value>
                <![CDATA["Application login"]]>
              </value>
            </param>
          </params>
          <reporter-output>
          </reporter-output>
        </test-method> <!-- runScenario -->
        <test-method is-config="true" signature="tearDownClass()[pri:0, instance:cucumberOptions.TestNGRunner@5d534f5d]" started-at="2023-10-31T16:37:42 GMT-06:00" name="tearDownClass" finished-at="2023-10-31T16:37:42 GMT-06:00" duration-ms="55" status="PASS">
          <reporter-output>
          </reporter-output>
        </test-method> <!-- tearDownClass -->
      </class> <!-- cucumberOptions.TestNGRunner -->
    </test> <!-- Default test -->
  </suite> <!-- Default suite -->
</testng-results>
